# JRE version: OpenJDK Runtime Environment (8.0_152-b01) (build 1.8.0_152-release-915-b01)
# Java VM: OpenJDK 64-Bit Server VM (25.152-b01 mixed mode windows-amd64 compressed oops)
Heap:
 PSYoungGen      total 79360K, used 5586K [0x00000000e0000000, 0x00000000e6d00000, 0x0000000100000000)
  eden space 68096K, 8% used [0x00000000e0000000,0x00000000e0574b98,0x00000000e4280000)
  from space 11264K, 0% used [0x00000000e4280000,0x00000000e4280000,0x00000000e4d80000)
  to   space 11776K, 0% used [0x00000000e6180000,0x00000000e6180000,0x00000000e6d00000)
 ParOldGen       total 88064K, used 14867K [0x00000000a0000000, 0x00000000a5600000, 0x00000000e0000000)
  object space 88064K, 16% used [0x00000000a0000000,0x00000000a0e84f08,0x00000000a5600000)
 Metaspace       used 35316K, capacity 35926K, committed 36224K, reserved 1081344K
  class space    used 4709K, capacity 4919K, committed 4992K, reserved 1048576K
GC Heap History (10 events):
Event: 4.521 GC heap before
{Heap before GC invocations=7 (full 1):
 PSYoungGen      total 38400K, used 38104K [0x00000000e0000000, 0x00000000e4500000, 0x0000000100000000)
  eden space 33280K, 100% used [0x00000000e0000000,0x00000000e2080000,0x00000000e2080000)
  from space 5120K, 94% used [0x00000000e2080000,0x00000000e2536178,0x00000000e2580000)
  to   space 10752K, 0% used [0x00000000e3a80000,0x00000000e3a80000,0x00000000e4500000)
 ParOldGen       total 65024K, used 9312K [0x00000000a0000000, 0x00000000a3f80000, 0x00000000e0000000)
  object space 65024K, 14% used [0x00000000a0000000,0x00000000a09181f8,0x00000000a3f80000)
 Metaspace       used 26176K, capacity 26606K, committed 26880K, reserved 1073152K
  class space    used 3600K, capacity 3730K, committed 3840K, reserved 1048576K
Event: 4.527 GC heap after
Heap after GC invocations=7 (full 1):
 PSYoungGen      total 59904K, used 5197K [0x00000000e0000000, 0x00000000e4580000, 0x0000000100000000)
  eden space 49152K, 0% used [0x00000000e0000000,0x00000000e0000000,0x00000000e3000000)
  from space 10752K, 48% used [0x00000000e3a80000,0x00000000e3f935c8,0x00000000e4500000)
  to   space 10752K, 0% used [0x00000000e3000000,0x00000000e3000000,0x00000000e3a80000)
 ParOldGen       total 65024K, used 9312K [0x00000000a0000000, 0x00000000a3f80000, 0x00000000e0000000)
  object space 65024K, 14% used [0x00000000a0000000,0x00000000a09181f8,0x00000000a3f80000)
 Metaspace       used 26176K, capacity 26606K, committed 26880K, reserved 1073152K
  class space    used 3600K, capacity 3730K, committed 3840K, reserved 1048576K
}
Event: 11.415 GC heap before
{Heap before GC invocations=8 (full 1):
 PSYoungGen      total 59904K, used 54349K [0x00000000e0000000, 0x00000000e4580000, 0x0000000100000000)
  eden space 49152K, 100% used [0x00000000e0000000,0x00000000e3000000,0x00000000e3000000)
  from space 10752K, 48% used [0x00000000e3a80000,0x00000000e3f935c8,0x00000000e4500000)
  to   space 10752K, 0% used [0x00000000e3000000,0x00000000e3000000,0x00000000e3a80000)
 ParOldGen       total 65024K, used 9312K [0x00000000a0000000, 0x00000000a3f80000, 0x00000000e0000000)
  object space 65024K, 14% used [0x00000000a0000000,0x00000000a09181f8,0x00000000a3f80000)
 Metaspace       used 28971K, capacity 29422K, committed 29696K, reserved 1075200K
  class space    used 3908K, capacity 4050K, committed 4096K, reserved 1048576K
Event: 11.430 GC heap after
Heap after GC invocations=8 (full 1):
 PSYoungGen      total 59904K, used 5444K [0x00000000e0000000, 0x00000000e5880000, 0x0000000100000000)
  eden space 49152K, 0% used [0x00000000e0000000,0x00000000e0000000,0x00000000e3000000)
  from space 10752K, 50% used [0x00000000e3000000,0x00000000e3551030,0x00000000e3a80000)
  to   space 10240K, 0% used [0x00000000e4e80000,0x00000000e4e80000,0x00000000e5880000)
 ParOldGen       total 65024K, used 9392K [0x00000000a0000000, 0x00000000a3f80000, 0x00000000e0000000)
  object space 65024K, 14% used [0x00000000a0000000,0x00000000a092c208,0x00000000a3f80000)
 Metaspace       used 28971K, capacity 29422K, committed 29696K, reserved 1075200K
  class space    used 3908K, capacity 4050K, committed 4096K, reserved 1048576K
}
Event: 32.107 GC heap before
{Heap before GC invocations=9 (full 1):
 PSYoungGen      total 59904K, used 54596K [0x00000000e0000000, 0x00000000e5880000, 0x0000000100000000)
  eden space 49152K, 100% used [0x00000000e0000000,0x00000000e3000000,0x00000000e3000000)
  from space 10752K, 50% used [0x00000000e3000000,0x00000000e3551030,0x00000000e3a80000)
  to   space 10240K, 0% used [0x00000000e4e80000,0x00000000e4e80000,0x00000000e5880000)
 ParOldGen       total 65024K, used 9392K [0x00000000a0000000, 0x00000000a3f80000, 0x00000000e0000000)
  object space 65024K, 14% used [0x00000000a0000000,0x00000000a092c208,0x00000000a3f80000)
 Metaspace       used 33758K, capacity 34324K, committed 34688K, reserved 1079296K
  class space    used 4513K, capacity 4686K, committed 4736K, reserved 1048576K
Event: 32.119 GC heap after
Heap after GC invocations=9 (full 1):
 PSYoungGen      total 77312K, used 9871K [0x00000000e0000000, 0x00000000e5880000, 0x0000000100000000)
  eden space 67072K, 0% used [0x00000000e0000000,0x00000000e0000000,0x00000000e4180000)
  from space 10240K, 96% used [0x00000000e4e80000,0x00000000e5823d30,0x00000000e5880000)
  to   space 11264K, 0% used [0x00000000e4280000,0x00000000e4280000,0x00000000e4d80000)
 ParOldGen       total 65024K, used 9400K [0x00000000a0000000, 0x00000000a3f80000, 0x00000000e0000000)
  object space 65024K, 14% used [0x00000000a0000000,0x00000000a092e208,0x00000000a3f80000)
 Metaspace       used 33758K, capacity 34324K, committed 34688K, reserved 1079296K
  class space    used 4513K, capacity 4686K, committed 4736K, reserved 1048576K
}
Event: 32.390 GC heap before
{Heap before GC invocations=10 (full 1):
 PSYoungGen      total 77312K, used 46607K [0x00000000e0000000, 0x00000000e5880000, 0x0000000100000000)
  eden space 67072K, 54% used [0x00000000e0000000,0x00000000e23dffb8,0x00000000e4180000)
  from space 10240K, 96% used [0x00000000e4e80000,0x00000000e5823d30,0x00000000e5880000)
  to   space 11264K, 0% used [0x00000000e4280000,0x00000000e4280000,0x00000000e4d80000)
 ParOldGen       total 65024K, used 9400K [0x00000000a0000000, 0x00000000a3f80000, 0x00000000e0000000)
  object space 65024K, 14% used [0x00000000a0000000,0x00000000a092e208,0x00000000a3f80000)
 Metaspace       used 34798K, capacity 35396K, committed 35496K, reserved 1079296K
  class space    used 4640K, capacity 4852K, committed 4864K, reserved 1048576K
Event: 32.400 GC heap after
Heap after GC invocations=10 (full 1):
 PSYoungGen      total 79360K, used 8185K [0x00000000e0000000, 0x00000000e6d00000, 0x0000000100000000)
  eden space 68096K, 0% used [0x00000000e0000000,0x00000000e0000000,0x00000000e4280000)
  from space 11264K, 72% used [0x00000000e4280000,0x00000000e4a7e758,0x00000000e4d80000)
  to   space 11776K, 0% used [0x00000000e6180000,0x00000000e6180000,0x00000000e6d00000)
 ParOldGen       total 65024K, used 9408K [0x00000000a0000000, 0x00000000a3f80000, 0x00000000e0000000)
  object space 65024K, 14% used [0x00000000a0000000,0x00000000a0930208,0x00000000a3f80000)
 Metaspace       used 34798K, capacity 35396K, committed 35496K, reserved 1079296K
  class space    used 4640K, capacity 4852K, committed 4864K, reserved 1048576K
}
Event: 32.400 GC heap before
{Heap before GC invocations=11 (full 2):
 PSYoungGen      total 79360K, used 8185K [0x00000000e0000000, 0x00000000e6d00000, 0x0000000100000000)
  eden space 68096K, 0% used [0x00000000e0000000,0x00000000e0000000,0x00000000e4280000)
  from space 11264K, 72% used [0x00000000e4280000,0x00000000e4a7e758,0x00000000e4d80000)
  to   space 11776K, 0% used [0x00000000e6180000,0x00000000e6180000,0x00000000e6d00000)
 ParOldGen       total 65024K, used 9408K [0x00000000a0000000, 0x00000000a3f80000, 0x00000000e0000000)
  object space 65024K, 14% used [0x00000000a0000000,0x00000000a0930208,0x00000000a3f80000)
 Metaspace       used 34798K, capacity 35396K, committed 35496K, reserved 1079296K
  class space    used 4640K, capacity 4852K, committed 4864K, reserved 1048576K
Event: 32.479 GC heap after
Heap after GC invocations=11 (full 2):
 PSYoungGen      total 79360K, used 0K [0x00000000e0000000, 0x00000000e6d00000, 0x0000000100000000)
  eden space 68096K, 0% used [0x00000000e0000000,0x00000000e0000000,0x00000000e4280000)
  from space 11264K, 0% used [0x00000000e4280000,0x00000000e4280000,0x00000000e4d80000)
  to   space 11776K, 0% used [0x00000000e6180000,0x00000000e6180000,0x00000000e6d00000)
 ParOldGen       total 88064K, used 14867K [0x00000000a0000000, 0x00000000a5600000, 0x00000000e0000000)
  object space 88064K, 16% used [0x00000000a0000000,0x00000000a0e84f08,0x00000000a5600000)
 Metaspace       used 34798K, capacity 35396K, committed 35496K, reserved 1079296K
  class space    used 4640K, capacity 4852K, committed 4864K, reserved 1048576K
}

