# JRE version: OpenJDK Runtime Environment (8.0_152-b01) (build 1.8.0_152-release-915-b01)
# Java VM: OpenJDK 64-Bit Server VM (25.152-b01 mixed mode windows-amd64 compressed oops)
Heap:
 PSYoungGen      total 108032K, used 58084K [0x00000000e0000000, 0x00000000ea280000, 0x0000000100000000)
  eden space 97280K, 48% used [0x00000000e0000000,0x00000000e2e391f8,0x00000000e5f00000)
  from space 10752K, 100% used [0x00000000e6f00000,0x00000000e7980000,0x00000000e7980000)
  to   space 16384K, 0% used [0x00000000e5f00000,0x00000000e5f00000,0x00000000e6f00000)
 ParOldGen       total 57856K, used 31708K [0x00000000a0000000, 0x00000000a3880000, 0x00000000e0000000)
  object space 57856K, 54% used [0x00000000a0000000,0x00000000a1ef70f0,0x00000000a3880000)
 Metaspace       used 54795K, capacity 57140K, committed 57472K, reserved 1099776K
  class space    used 7359K, capacity 7949K, committed 8064K, reserved 1048576K
GC Heap History (10 events):
Event: 55.407 GC heap before
{Heap before GC invocations=16 (full 2):
 PSYoungGen      total 57344K, used 54534K [0x00000000e0000000, 0x00000000e5a80000, 0x0000000100000000)
  eden space 46080K, 100% used [0x00000000e0000000,0x00000000e2d00000,0x00000000e2d00000)
  from space 11264K, 75% used [0x00000000e2d00000,0x00000000e3541818,0x00000000e3800000)
  to   space 11264K, 0% used [0x00000000e4f80000,0x00000000e4f80000,0x00000000e5a80000)
 ParOldGen       total 57856K, used 15803K [0x00000000a0000000, 0x00000000a3880000, 0x00000000e0000000)
  object space 57856K, 27% used [0x00000000a0000000,0x00000000a0f6eec8,0x00000000a3880000)
 Metaspace       used 43829K, capacity 44830K, committed 45056K, reserved 1087488K
  class space    used 5815K, capacity 6130K, committed 6144K, reserved 1048576K
Event: 55.415 GC heap after
Heap after GC invocations=16 (full 2):
 PSYoungGen      total 80384K, used 7010K [0x00000000e0000000, 0x00000000e5a00000, 0x0000000100000000)
  eden space 69632K, 0% used [0x00000000e0000000,0x00000000e0000000,0x00000000e4400000)
  from space 10752K, 65% used [0x00000000e4f80000,0x00000000e5658920,0x00000000e5a00000)
  to   space 11264K, 0% used [0x00000000e4400000,0x00000000e4400000,0x00000000e4f00000)
 ParOldGen       total 57856K, used 18624K [0x00000000a0000000, 0x00000000a3880000, 0x00000000e0000000)
  object space 57856K, 32% used [0x00000000a0000000,0x00000000a1230260,0x00000000a3880000)
 Metaspace       used 43829K, capacity 44830K, committed 45056K, reserved 1087488K
  class space    used 5815K, capacity 6130K, committed 6144K, reserved 1048576K
}
Event: 56.357 GC heap before
{Heap before GC invocations=17 (full 2):
 PSYoungGen      total 80384K, used 76642K [0x00000000e0000000, 0x00000000e5a00000, 0x0000000100000000)
  eden space 69632K, 100% used [0x00000000e0000000,0x00000000e4400000,0x00000000e4400000)
  from space 10752K, 65% used [0x00000000e4f80000,0x00000000e5658920,0x00000000e5a00000)
  to   space 11264K, 0% used [0x00000000e4400000,0x00000000e4400000,0x00000000e4f00000)
 ParOldGen       total 57856K, used 18624K [0x00000000a0000000, 0x00000000a3880000, 0x00000000e0000000)
  object space 57856K, 32% used [0x00000000a0000000,0x00000000a1230260,0x00000000a3880000)
 Metaspace       used 44291K, capacity 45370K, committed 45696K, reserved 1089536K
  class space    used 5844K, capacity 6176K, committed 6272K, reserved 1048576K
Event: 56.363 GC heap after
Heap after GC invocations=17 (full 2):
 PSYoungGen      total 80896K, used 3160K [0x00000000e0000000, 0x00000000e7c80000, 0x0000000100000000)
  eden space 69632K, 0% used [0x00000000e0000000,0x00000000e0000000,0x00000000e4400000)
  from space 11264K, 28% used [0x00000000e4400000,0x00000000e47161e8,0x00000000e4f00000)
  to   space 11264K, 0% used [0x00000000e7180000,0x00000000e7180000,0x00000000e7c80000)
 ParOldGen       total 57856K, used 23504K [0x00000000a0000000, 0x00000000a3880000, 0x00000000e0000000)
  object space 57856K, 40% used [0x00000000a0000000,0x00000000a16f4288,0x00000000a3880000)
 Metaspace       used 44291K, capacity 45370K, committed 45696K, reserved 1089536K
  class space    used 5844K, capacity 6176K, committed 6272K, reserved 1048576K
}
Event: 57.300 GC heap before
{Heap before GC invocations=18 (full 2):
 PSYoungGen      total 80896K, used 72792K [0x00000000e0000000, 0x00000000e7c80000, 0x0000000100000000)
  eden space 69632K, 100% used [0x00000000e0000000,0x00000000e4400000,0x00000000e4400000)
  from space 11264K, 28% used [0x00000000e4400000,0x00000000e47161e8,0x00000000e4f00000)
  to   space 11264K, 0% used [0x00000000e7180000,0x00000000e7180000,0x00000000e7c80000)
 ParOldGen       total 57856K, used 23504K [0x00000000a0000000, 0x00000000a3880000, 0x00000000e0000000)
  object space 57856K, 40% used [0x00000000a0000000,0x00000000a16f4288,0x00000000a3880000)
 Metaspace       used 44403K, capacity 45434K, committed 45696K, reserved 1089536K
  class space    used 5844K, capacity 6176K, committed 6272K, reserved 1048576K
Event: 57.303 GC heap after
Heap after GC invocations=18 (full 2):
 PSYoungGen      total 113152K, used 2976K [0x00000000e0000000, 0x00000000e7b00000, 0x0000000100000000)
  eden space 103424K, 0% used [0x00000000e0000000,0x00000000e0000000,0x00000000e6500000)
  from space 9728K, 30% used [0x00000000e7180000,0x00000000e7468000,0x00000000e7b00000)
  to   space 11264K, 0% used [0x00000000e6500000,0x00000000e6500000,0x00000000e7000000)
 ParOldGen       total 57856K, used 23714K [0x00000000a0000000, 0x00000000a3880000, 0x00000000e0000000)
  object space 57856K, 40% used [0x00000000a0000000,0x00000000a1728960,0x00000000a3880000)
 Metaspace       used 44403K, capacity 45434K, committed 45696K, reserved 1089536K
  class space    used 5844K, capacity 6176K, committed 6272K, reserved 1048576K
}
Event: 59.877 GC heap before
{Heap before GC invocations=19 (full 2):
 PSYoungGen      total 113152K, used 106400K [0x00000000e0000000, 0x00000000e7b00000, 0x0000000100000000)
  eden space 103424K, 100% used [0x00000000e0000000,0x00000000e6500000,0x00000000e6500000)
  from space 9728K, 30% used [0x00000000e7180000,0x00000000e7468000,0x00000000e7b00000)
  to   space 11264K, 0% used [0x00000000e6500000,0x00000000e6500000,0x00000000e7000000)
 ParOldGen       total 57856K, used 23714K [0x00000000a0000000, 0x00000000a3880000, 0x00000000e0000000)
  object space 57856K, 40% used [0x00000000a0000000,0x00000000a1728960,0x00000000a3880000)
 Metaspace       used 48659K, capacity 50372K, committed 50560K, reserved 1093632K
  class space    used 6501K, capacity 6947K, committed 7040K, reserved 1048576K
Event: 59.886 GC heap after
Heap after GC invocations=19 (full 2):
 PSYoungGen      total 110080K, used 9793K [0x00000000e0000000, 0x00000000e7980000, 0x0000000100000000)
  eden space 99840K, 0% used [0x00000000e0000000,0x00000000e0000000,0x00000000e6180000)
  from space 10240K, 95% used [0x00000000e6500000,0x00000000e6e90530,0x00000000e6f00000)
  to   space 10752K, 0% used [0x00000000e6f00000,0x00000000e6f00000,0x00000000e7980000)
 ParOldGen       total 57856K, used 23818K [0x00000000a0000000, 0x00000000a3880000, 0x00000000e0000000)
  object space 57856K, 41% used [0x00000000a0000000,0x00000000a1742960,0x00000000a3880000)
 Metaspace       used 48659K, capacity 50372K, committed 50560K, reserved 1093632K
  class space    used 6501K, capacity 6947K, committed 7040K, reserved 1048576K
}
Event: 60.765 GC heap before
{Heap before GC invocations=20 (full 2):
 PSYoungGen      total 110080K, used 109633K [0x00000000e0000000, 0x00000000e7980000, 0x0000000100000000)
  eden space 99840K, 100% used [0x00000000e0000000,0x00000000e6180000,0x00000000e6180000)
  from space 10240K, 95% used [0x00000000e6500000,0x00000000e6e90530,0x00000000e6f00000)
  to   space 10752K, 0% used [0x00000000e6f00000,0x00000000e6f00000,0x00000000e7980000)
 ParOldGen       total 57856K, used 23818K [0x00000000a0000000, 0x00000000a3880000, 0x00000000e0000000)
  object space 57856K, 41% used [0x00000000a0000000,0x00000000a1742960,0x00000000a3880000)
 Metaspace       used 51874K, capacity 53910K, committed 54144K, reserved 1095680K
  class space    used 7029K, capacity 7516K, committed 7552K, reserved 1048576K
Event: 60.784 GC heap after
Heap after GC invocations=20 (full 2):
 PSYoungGen      total 108032K, used 10752K [0x00000000e0000000, 0x00000000ea280000, 0x0000000100000000)
  eden space 97280K, 0% used [0x00000000e0000000,0x00000000e0000000,0x00000000e5f00000)
  from space 10752K, 100% used [0x00000000e6f00000,0x00000000e7980000,0x00000000e7980000)
  to   space 16384K, 0% used [0x00000000e5f00000,0x00000000e5f00000,0x00000000e6f00000)
 ParOldGen       total 57856K, used 31708K [0x00000000a0000000, 0x00000000a3880000, 0x00000000e0000000)
  object space 57856K, 54% used [0x00000000a0000000,0x00000000a1ef70f0,0x00000000a3880000)
 Metaspace       used 51874K, capacity 53910K, committed 54144K, reserved 1095680K
  class space    used 7029K, capacity 7516K, committed 7552K, reserved 1048576K
}

