# JRE version: OpenJDK Runtime Environment (8.0_152-b01) (build 1.8.0_152-release-915-b01)
# Java VM: OpenJDK 64-Bit Server VM (25.152-b01 mixed mode windows-amd64 compressed oops)
Heap:
 PSYoungGen      total 66048K, used 46606K [0x00000000e0000000, 0x00000000e7480000, 0x0000000100000000)
  eden space 60928K, 68% used [0x00000000e0000000,0x00000000e28858e8,0x00000000e3b80000)
  from space 5120K, 99% used [0x00000000e4600000,0x00000000e4afe2d8,0x00000000e4b00000)
  to   space 10752K, 0% used [0x00000000e3b80000,0x00000000e3b80000,0x00000000e4600000)
 ParOldGen       total 62976K, used 13373K [0x00000000a0000000, 0x00000000a3d80000, 0x00000000e0000000)
  object space 62976K, 21% used [0x00000000a0000000,0x00000000a0d0f500,0x00000000a3d80000)
 Metaspace       used 34049K, capacity 34648K, committed 35072K, reserved 1079296K
  class space    used 4549K, capacity 4754K, committed 4864K, reserved 1048576K
GC Heap History (10 events):
Event: 2.986 GC heap before
{Heap before GC invocations=3 (full 0):
 PSYoungGen      total 38400K, used 38383K [0x00000000e0000000, 0x00000000e2a80000, 0x0000000100000000)
  eden space 33280K, 100% used [0x00000000e0000000,0x00000000e2080000,0x00000000e2080000)
  from space 5120K, 99% used [0x00000000e2580000,0x00000000e2a7bf00,0x00000000e2a80000)
  to   space 5120K, 0% used [0x00000000e2080000,0x00000000e2080000,0x00000000e2580000)
 ParOldGen       total 87552K, used 1229K [0x00000000a0000000, 0x00000000a5580000, 0x00000000e0000000)
  object space 87552K, 1% used [0x00000000a0000000,0x00000000a01334d8,0x00000000a5580000)
 Metaspace       used 16742K, capacity 17102K, committed 17408K, reserved 1064960K
  class space    used 2313K, capacity 2450K, committed 2560K, reserved 1048576K
Event: 3.000 GC heap after
Heap after GC invocations=3 (full 0):
 PSYoungGen      total 38400K, used 5119K [0x00000000e0000000, 0x00000000e4b00000, 0x0000000100000000)
  eden space 33280K, 0% used [0x00000000e0000000,0x00000000e0000000,0x00000000e2080000)
  from space 5120K, 99% used [0x00000000e2080000,0x00000000e257fea8,0x00000000e2580000)
  to   space 5120K, 0% used [0x00000000e4600000,0x00000000e4600000,0x00000000e4b00000)
 ParOldGen       total 87552K, used 4197K [0x00000000a0000000, 0x00000000a5580000, 0x00000000e0000000)
  object space 87552K, 4% used [0x00000000a0000000,0x00000000a04195d0,0x00000000a5580000)
 Metaspace       used 16742K, capacity 17102K, committed 17408K, reserved 1064960K
  class space    used 2313K, capacity 2450K, committed 2560K, reserved 1048576K
}
Event: 3.280 GC heap before
{Heap before GC invocations=4 (full 0):
 PSYoungGen      total 38400K, used 25488K [0x00000000e0000000, 0x00000000e4b00000, 0x0000000100000000)
  eden space 33280K, 61% used [0x00000000e0000000,0x00000000e13e4350,0x00000000e2080000)
  from space 5120K, 99% used [0x00000000e2080000,0x00000000e257fea8,0x00000000e2580000)
  to   space 5120K, 0% used [0x00000000e4600000,0x00000000e4600000,0x00000000e4b00000)
 ParOldGen       total 87552K, used 4197K [0x00000000a0000000, 0x00000000a5580000, 0x00000000e0000000)
  object space 87552K, 4% used [0x00000000a0000000,0x00000000a04195d0,0x00000000a5580000)
 Metaspace       used 20825K, capacity 21114K, committed 21296K, reserved 1067008K
  class space    used 2766K, capacity 2870K, committed 2944K, reserved 1048576K
Event: 3.293 GC heap after
Heap after GC invocations=4 (full 0):
 PSYoungGen      total 71680K, used 5112K [0x00000000e0000000, 0x00000000e4b00000, 0x0000000100000000)
  eden space 66560K, 0% used [0x00000000e0000000,0x00000000e0000000,0x00000000e4100000)
  from space 5120K, 99% used [0x00000000e4600000,0x00000000e4afe030,0x00000000e4b00000)
  to   space 5120K, 0% used [0x00000000e4100000,0x00000000e4100000,0x00000000e4600000)
 ParOldGen       total 87552K, used 8529K [0x00000000a0000000, 0x00000000a5580000, 0x00000000e0000000)
  object space 87552K, 9% used [0x00000000a0000000,0x00000000a0854770,0x00000000a5580000)
 Metaspace       used 20825K, capacity 21114K, committed 21296K, reserved 1067008K
  class space    used 2766K, capacity 2870K, committed 2944K, reserved 1048576K
}
Event: 3.293 GC heap before
{Heap before GC invocations=5 (full 1):
 PSYoungGen      total 71680K, used 5112K [0x00000000e0000000, 0x00000000e4b00000, 0x0000000100000000)
  eden space 66560K, 0% used [0x00000000e0000000,0x00000000e0000000,0x00000000e4100000)
  from space 5120K, 99% used [0x00000000e4600000,0x00000000e4afe030,0x00000000e4b00000)
  to   space 5120K, 0% used [0x00000000e4100000,0x00000000e4100000,0x00000000e4600000)
 ParOldGen       total 87552K, used 8529K [0x00000000a0000000, 0x00000000a5580000, 0x00000000e0000000)
  object space 87552K, 9% used [0x00000000a0000000,0x00000000a0854770,0x00000000a5580000)
 Metaspace       used 20825K, capacity 21114K, committed 21296K, reserved 1067008K
  class space    used 2766K, capacity 2870K, committed 2944K, reserved 1048576K
Event: 3.342 GC heap after
Heap after GC invocations=5 (full 1):
 PSYoungGen      total 71680K, used 0K [0x00000000e0000000, 0x00000000e4b00000, 0x0000000100000000)
  eden space 66560K, 0% used [0x00000000e0000000,0x00000000e0000000,0x00000000e4100000)
  from space 5120K, 0% used [0x00000000e4600000,0x00000000e4600000,0x00000000e4b00000)
  to   space 5120K, 0% used [0x00000000e4100000,0x00000000e4100000,0x00000000e4600000)
 ParOldGen       total 62976K, used 9311K [0x00000000a0000000, 0x00000000a3d80000, 0x00000000e0000000)
  object space 62976K, 14% used [0x00000000a0000000,0x00000000a0917db0,0x00000000a3d80000)
 Metaspace       used 20825K, capacity 21114K, committed 21296K, reserved 1067008K
  class space    used 2766K, capacity 2870K, committed 2944K, reserved 1048576K
}
Event: 4.399 GC heap before
{Heap before GC invocations=6 (full 1):
 PSYoungGen      total 71680K, used 66560K [0x00000000e0000000, 0x00000000e4b00000, 0x0000000100000000)
  eden space 66560K, 100% used [0x00000000e0000000,0x00000000e4100000,0x00000000e4100000)
  from space 5120K, 0% used [0x00000000e4600000,0x00000000e4600000,0x00000000e4b00000)
  to   space 5120K, 0% used [0x00000000e4100000,0x00000000e4100000,0x00000000e4600000)
 ParOldGen       total 62976K, used 9311K [0x00000000a0000000, 0x00000000a3d80000, 0x00000000e0000000)
  object space 62976K, 14% used [0x00000000a0000000,0x00000000a0917db0,0x00000000a3d80000)
 Metaspace       used 26141K, capacity 26542K, committed 26880K, reserved 1073152K
  class space    used 3593K, capacity 3730K, committed 3840K, reserved 1048576K
Event: 4.406 GC heap after
Heap after GC invocations=6 (full 1):
 PSYoungGen      total 71680K, used 5092K [0x00000000e0000000, 0x00000000e4b00000, 0x0000000100000000)
  eden space 66560K, 0% used [0x00000000e0000000,0x00000000e0000000,0x00000000e4100000)
  from space 5120K, 99% used [0x00000000e4100000,0x00000000e45f91e8,0x00000000e4600000)
  to   space 5120K, 0% used [0x00000000e4600000,0x00000000e4600000,0x00000000e4b00000)
 ParOldGen       total 62976K, used 12157K [0x00000000a0000000, 0x00000000a3d80000, 0x00000000e0000000)
  object space 62976K, 19% used [0x00000000a0000000,0x00000000a0bdf4f0,0x00000000a3d80000)
 Metaspace       used 26141K, capacity 26542K, committed 26880K, reserved 1073152K
  class space    used 3593K, capacity 3730K, committed 3840K, reserved 1048576K
}
Event: 7.244 GC heap before
{Heap before GC invocations=7 (full 1):
 PSYoungGen      total 71680K, used 71652K [0x00000000e0000000, 0x00000000e4b00000, 0x0000000100000000)
  eden space 66560K, 100% used [0x00000000e0000000,0x00000000e4100000,0x00000000e4100000)
  from space 5120K, 99% used [0x00000000e4100000,0x00000000e45f91e8,0x00000000e4600000)
  to   space 5120K, 0% used [0x00000000e4600000,0x00000000e4600000,0x00000000e4b00000)
 ParOldGen       total 62976K, used 12157K [0x00000000a0000000, 0x00000000a3d80000, 0x00000000e0000000)
  object space 62976K, 19% used [0x00000000a0000000,0x00000000a0bdf4f0,0x00000000a3d80000)
 Metaspace       used 29406K, capacity 29796K, committed 29952K, reserved 1075200K
  class space    used 3970K, capacity 4088K, committed 4096K, reserved 1048576K
Event: 7.251 GC heap after
Heap after GC invocations=7 (full 1):
 PSYoungGen      total 66048K, used 5112K [0x00000000e0000000, 0x00000000e7480000, 0x0000000100000000)
  eden space 60928K, 0% used [0x00000000e0000000,0x00000000e0000000,0x00000000e3b80000)
  from space 5120K, 99% used [0x00000000e4600000,0x00000000e4afe2d8,0x00000000e4b00000)
  to   space 10752K, 0% used [0x00000000e3b80000,0x00000000e3b80000,0x00000000e4600000)
 ParOldGen       total 62976K, used 13373K [0x00000000a0000000, 0x00000000a3d80000, 0x00000000e0000000)
  object space 62976K, 21% used [0x00000000a0000000,0x00000000a0d0f500,0x00000000a3d80000)
 Metaspace       used 29406K, capacity 29796K, committed 29952K, reserved 1075200K
  class space    used 3970K, capacity 4088K, committed 4096K, reserved 1048576K
}

